[    0.000000] Linux version 4.15.0-70-generic (buildd@lgw01-amd64-055) (gcc version 7.4.0 (Ubuntu 7.4.0-1ubuntu1~18.04.1)) #79-Ubuntu SMP Tue Nov 12 10:36:11 UTC 2019 (Ubuntu 4.15.0-70.79-generic 4.15.18)
[    0.000000] Command line: BOOT_IMAGE=/boot/vmlinuz-4.15.0-70-generic root=UUID=98285d8a-a678-4601-9516-53cb704d22bf ro console=tty1 console=ttyS0
[    0.000000] KERNEL supported cpus:
[    0.000000]   Intel GenuineIntel
[    0.000000]   AMD AuthenticAMD
[    0.000000]   Centaur CentaurHauls
[    0.000000] x86/fpu: Supporting XSAVE feature 0x001: 'x87 floating point registers'
[    0.000000] x86/fpu: Supporting XSAVE feature 0x002: 'SSE registers'
[    0.000000] x86/fpu: Supporting XSAVE feature 0x004: 'AVX registers'
[    0.000000] x86/fpu: xstate_offset[2]:  576, xstate_sizes[2]:  256
[    0.000000] x86/fpu: Enabled xstate features 0x7, context size is 832 bytes, using 'standard' format.
[    0.000000] e820: BIOS-provided physical RAM map:
[    0.000000] BIOS-e820: [mem 0x0000000000000000-0x000000000009fbff] usable
[    0.000000] BIOS-e820: [mem 0x000000000009fc00-0x000000000009ffff] reserved
[    0.000000] BIOS-e820: [mem 0x00000000000f0000-0x00000000000fffff] reserved
[    0.000000] BIOS-e820: [mem 0x0000000000100000-0x000000003ffeffff] usable
[    0.000000] BIOS-e820: [mem 0x000000003fff0000-0x000000003fffffff] ACPI data
[    0.000000] BIOS-e820: [mem 0x00000000fec00000-0x00000000fec00fff] reserved
[    0.000000] BIOS-e820: [mem 0x00000000fee00000-0x00000000fee00fff] reserved
[    0.000000] BIOS-e820: [mem 0x00000000fffc0000-0x00000000ffffffff] reserved
[    0.000000] NX (Execute Disable) protection: active
[    0.000000] SMBIOS 2.5 present.
[    0.000000] DMI: innotek GmbH VirtualBox/VirtualBox, BIOS VirtualBox 12/01/2006
[    0.000000] Hypervisor detected: KVM
[    0.000000] e820: last_pfn = 0x3fff0 max_arch_pfn = 0x400000000
[    0.000000] MTRR: Disabled
[    0.000000] x86/PAT: MTRRs disabled, skipping PAT initialization too.
[    0.000000] CPU MTRRs all blank - virtualized system.
[    0.000000] x86/PAT: Configuration [0-7]: WB  WT  UC- UC  WB  WT  UC- UC  
[    0.000000] found SMP MP-table at [mem 0x0009fff0-0x0009ffff]
[    0.000000] Scanning 1 areas for low memory corruption
[    0.000000] RAMDISK: [mem 0x35981000-0x36cb7fff]
[    0.000000] ACPI: Early table checksum verification disabled
[    0.000000] ACPI: RSDP 0x00000000000E0000 000024 (v02 VBOX  )
[    0.000000] ACPI: XSDT 0x000000003FFF0030 00003C (v01 VBOX   VBOXXSDT 00000001 ASL  00000061)
[    0.000000] ACPI: FACP 0x000000003FFF00F0 0000F4 (v04 VBOX   VBOXFACP 00000001 ASL  00000061)
[    0.000000] ACPI: DSDT 0x000000003FFF0470 0022EA (v02 VBOX   VBOXBIOS 00000002 INTL 20100528)
[    0.000000] ACPI: FACS 0x000000003FFF0200 000040
[    0.000000] ACPI: FACS 0x000000003FFF0200 000040
[    0.000000] ACPI: APIC 0x000000003FFF0240 00005C (v02 VBOX   VBOXAPIC 00000001 ASL  00000061)
[    0.000000] ACPI: SSDT 0x000000003FFF02A0 0001CC (v01 VBOX   VBOXCPUT 00000002 INTL 20100528)
[    0.000000] No NUMA configuration found
[    0.000000] Faking a node at [mem 0x0000000000000000-0x000000003ffeffff]
[    0.000000] NODE_DATA(0) allocated [mem 0x3ffc5000-0x3ffeffff]
[    0.000000] kvm-clock: cpu 0, msr 0:3ff44001, primary cpu clock
[    0.000000] kvm-clock: Using msrs 4b564d01 and 4b564d00
[    0.000000] kvm-clock: using sched offset of 5484210266 cycles
[    0.000000] clocksource: kvm-clock: mask: 0xffffffffffffffff max_cycles: 0x1cd42e4dffb, max_idle_ns: 881590591483 ns
[    0.000000] Zone ranges:
[    0.000000]   DMA      [mem 0x0000000000001000-0x0000000000ffffff]
[    0.000000]   DMA32    [mem 0x0000000001000000-0x000000003ffeffff]
[    0.000000]   Normal   empty
[    0.000000]   Device   empty
[    0.000000] Movable zone start for each node
[    0.000000] Early memory node ranges
[    0.000000]   node   0: [mem 0x0000000000001000-0x000000000009efff]
[    0.000000]   node   0: [mem 0x0000000000100000-0x000000003ffeffff]
[    0.000000] Reserved but unavailable: 98 pages
[    0.000000] Initmem setup node 0 [mem 0x0000000000001000-0x000000003ffeffff]
[    0.000000] ACPI: PM-Timer IO Port: 0x4008
[    0.000000] IOAPIC[0]: apic_id 2, version 32, address 0xfec00000, GSI 0-23
[    0.000000] ACPI: INT_SRC_OVR (bus 0 bus_irq 0 global_irq 2 dfl dfl)
[    0.000000] ACPI: INT_SRC_OVR (bus 0 bus_irq 9 global_irq 9 low level)
[    0.000000] Using ACPI (MADT) for SMP configuration information
[    0.000000] smpboot: Allowing 2 CPUs, 0 hotplug CPUs
[    0.000000] PM: Registered nosave memory: [mem 0x00000000-0x00000fff]
[    0.000000] PM: Registered nosave memory: [mem 0x0009f000-0x0009ffff]
[    0.000000] PM: Registered nosave memory: [mem 0x000a0000-0x000effff]
[    0.000000] PM: Registered nosave memory: [mem 0x000f0000-0x000fffff]
[    0.000000] e820: [mem 0x40000000-0xfebfffff] available for PCI devices
[    0.000000] Booting paravirtualized kernel on KVM
[    0.000000] clocksource: refined-jiffies: mask: 0xffffffff max_cycles: 0xffffffff, max_idle_ns: 7645519600211568 ns
[    0.000000] random: get_random_bytes called from start_kernel+0x99/0x4fd with crng_init=0
[    0.000000] setup_percpu: NR_CPUS:8192 nr_cpumask_bits:2 nr_cpu_ids:2 nr_node_ids:1
[    0.000000] percpu: Embedded 45 pages/cpu s147456 r8192 d28672 u1048576
[    0.000000] PV qspinlock hash table entries: 256 (order: 0, 4096 bytes)
[    0.000000] Built 1 zonelists, mobility grouping on.  Total pages: 257913
[    0.000000] Policy zone: DMA32
[    0.000000] Kernel command line: BOOT_IMAGE=/boot/vmlinuz-4.15.0-70-generic root=UUID=98285d8a-a678-4601-9516-53cb704d22bf ro console=tty1 console=ttyS0
[    0.000000] Memory: 982912K/1048120K available (12300K kernel code, 2481K rwdata, 4264K rodata, 2432K init, 2388K bss, 65208K reserved, 0K cma-reserved)
[    0.000000] SLUB: HWalign=64, Order=0-3, MinObjects=0, CPUs=2, Nodes=1
[    0.000000] Kernel/User page tables isolation: enabled
[    0.000000] ftrace: allocating 39315 entries in 154 pages
[    0.004000] Hierarchical RCU implementation.
[    0.004000] 	RCU restricting CPUs from NR_CPUS=8192 to nr_cpu_ids=2.
[    0.004000] 	Tasks RCU enabled.
[    0.004000] RCU: Adjusting geometry for rcu_fanout_leaf=16, nr_cpu_ids=2
[    0.004000] NR_IRQS: 524544, nr_irqs: 440, preallocated irqs: 16
[    0.004000] Console: colour VGA+ 80x25
[    0.004000] console [tty1] enabled
[    0.004000] console [ttyS0] enabled
[    0.004000] ACPI: Core revision 20170831
[    0.004000] ACPI: 2 ACPI AML tables successfully acquired and loaded
[    0.004000] APIC: Switch to symmetric I/O mode setup
[    0.004029] x2apic enabled
[    0.008011] Switched APIC routing to physical x2apic.
[    0.012000] ..TIMER: vector=0x30 apic1=0 pin1=2 apic2=-1 pin2=-1
[    0.012007] tsc: Detected 2304.000 MHz processor
[    0.016013] Calibrating delay loop (skipped) preset value.. 4608.00 BogoMIPS (lpj=9216000)
[    0.020008] pid_max: default: 32768 minimum: 301
[    0.024076] Security Framework initialized
[    0.028007] Yama: becoming mindful.
[    0.032046] AppArmor: AppArmor initialized
[    0.044104] Dentry cache hash table entries: 131072 (order: 8, 1048576 bytes)
[    0.048114] Inode-cache hash table entries: 65536 (order: 7, 524288 bytes)
[    0.052036] Mount-cache hash table entries: 2048 (order: 2, 16384 bytes)
[    0.056015] Mountpoint-cache hash table entries: 2048 (order: 2, 16384 bytes)
[    0.061445] Last level iTLB entries: 4KB 64, 2MB 8, 4MB 8
[    0.064008] Last level dTLB entries: 4KB 64, 2MB 0, 4MB 0, 1GB 4
[    0.068007] Spectre V1 : Mitigation: usercopy/swapgs barriers and __user pointer sanitization
[    0.072008] Spectre V2 : Mitigation: Full generic retpoline
[    0.076004] Spectre V2 : Spectre v2 / SpectreRSB mitigation: Filling RSB on context switch
[    0.080005] Speculative Store Bypass: Vulnerable
[    0.081845] MDS: Mitigation: Clear CPU buffers
[    0.084345] Freeing SMP alternatives memory: 36K
[    0.198062] smpboot: CPU0: Intel(R) Core(TM) i3-7020U CPU @ 2.30GHz (family: 0x6, model: 0x8e, stepping: 0x9)
[    0.200135] Performance Events: unsupported p6 CPU model 142 no PMU driver, software events only.
[    0.203940] Hierarchical SRCU implementation.
[    0.205015] NMI watchdog: Perf event create on CPU 0 failed with -2
[    0.208004] NMI watchdog: Perf NMI watchdog permanently disabled
[    0.212081] smp: Bringing up secondary CPUs ...
[    0.214244] x86: Booting SMP configuration:
[    0.216004] .... node  #0, CPUs:      #1
[    0.004000] kvm-clock: cpu 1, msr 0:3ff44041, secondary cpu clock
[    0.227714] smp: Brought up 1 node, 2 CPUs
[    0.228007] smpboot: Max logical packages: 1
[    0.229841] smpboot: Total of 2 processors activated (9216.00 BogoMIPS)
[    0.232201] devtmpfs: initialized
[    0.236102] x86/mm: Memory block size: 128MB
[    0.238237] evm: security.selinux
[    0.239697] evm: security.SMACK64
[    0.240005] evm: security.SMACK64EXEC
[    0.241682] evm: security.SMACK64TRANSMUTE
[    0.244003] evm: security.SMACK64MMAP
[    0.245712] evm: security.apparmor
[    0.247251] evm: security.ima
[    0.248003] evm: security.capability
[    0.252213] clocksource: jiffies: mask: 0xffffffff max_cycles: 0xffffffff, max_idle_ns: 7645041785100000 ns
[    0.256000] futex hash table entries: 512 (order: 3, 32768 bytes)
[    0.264007] pinctrl core: initialized pinctrl subsystem
[    0.266561] RTC time: 12:34:08, date: 11/26/19
[    0.268309] NET: Registered protocol family 16
[    0.270425] audit: initializing netlink subsys (disabled)
[    0.272053] audit: type=2000 audit(1574771655.402:1): state=initialized audit_enabled=0 res=1
[    0.276011] cpuidle: using governor ladder
[    0.277837] cpuidle: using governor menu
[    0.280083] ACPI: bus type PCI registered
[    0.281912] acpiphp: ACPI Hot Plug PCI Controller Driver version: 0.5
[    0.284201] PCI: Using configuration type 1 for base access
[    0.292191] HugeTLB registered 2.00 MiB page size, pre-allocated 0 pages
[    0.296261] ACPI: Added _OSI(Module Device)
[    0.298089] ACPI: Added _OSI(Processor Device)
[    0.299940] ACPI: Added _OSI(3.0 _SCP Extensions)
[    0.300017] ACPI: Added _OSI(Processor Aggregator Device)
[    0.302254] ACPI: Added _OSI(Linux-Dell-Video)
[    0.304023] ACPI: Added _OSI(Linux-Lenovo-NV-HDMI-Audio)
[    0.306168] ACPI: Added _OSI(Linux-HPI-Hybrid-Graphics)
[    0.308657] ACPI: Executed 1 blocks of module-level executable AML code
[    0.323362] ACPI: Interpreter enabled
[    0.324027] ACPI: (supports S0 S5)
[    0.325765] ACPI: Using IOAPIC for interrupt routing
[    0.328653] PCI: Using host bridge windows from ACPI; if necessary, use "pci=nocrs" and report a bug
[    0.332422] ACPI: Enabled 2 GPEs in block 00 to 07
[    0.355043] ACPI: PCI Root Bridge [PCI0] (domain 0000 [bus 00-ff])
[    0.356013] acpi PNP0A03:00: _OSC: OS supports [ASPM ClockPM Segments MSI]
[    0.361451] acpi PNP0A03:00: _OSC: not requesting OS control; OS requires [ExtendedConfig ASPM ClockPM MSI]
[    0.364026] acpi PNP0A03:00: fail to add MMCONFIG information, can't access extended PCI configuration space under this bridge.
[    0.372176] PCI host bridge to bus 0000:00
[    0.374158] pci_bus 0000:00: root bus resource [io  0x0000-0x0cf7 window]
[    0.376006] pci_bus 0000:00: root bus resource [io  0x0d00-0xffff window]
[    0.378803] pci_bus 0000:00: root bus resource [mem 0x000a0000-0x000bffff window]
[    0.380018] pci_bus 0000:00: root bus resource [mem 0x40000000-0xfdffffff window]
[    0.384006] pci_bus 0000:00: root bus resource [bus 00-ff]
[    0.393844] pci 0000:00:01.1: legacy IDE quirk: reg 0x10: [io  0x01f0-0x01f7]
[    0.396014] pci 0000:00:01.1: legacy IDE quirk: reg 0x14: [io  0x03f6]
[    0.398839] pci 0000:00:01.1: legacy IDE quirk: reg 0x18: [io  0x0170-0x0177]
[    0.400006] pci 0000:00:01.1: legacy IDE quirk: reg 0x1c: [io  0x0376]
[    0.434518] pci 0000:00:07.0: quirk: [io  0x4000-0x403f] claimed by PIIX4 ACPI
[    0.436036] pci 0000:00:07.0: quirk: [io  0x4100-0x410f] claimed by PIIX4 SMB
[    0.451296] ACPI: PCI Interrupt Link [LNKA] (IRQs 5 9 10 *11)
[    0.452902] ACPI: PCI Interrupt Link [LNKB] (IRQs 5 9 *10 11)
[    0.456310] ACPI: PCI Interrupt Link [LNKC] (IRQs 5 *9 10 11)
[    0.459068] ACPI: PCI Interrupt Link [LNKD] (IRQs 5 9 10 *11)
[    0.460636] SCSI subsystem initialized
[    0.464060] pci 0000:00:02.0: vgaarb: setting as boot VGA device
[    0.466583] pci 0000:00:02.0: vgaarb: VGA device added: decodes=io+mem,owns=io+mem,locks=none
[    0.468009] pci 0000:00:02.0: vgaarb: bridge control possible
[    0.472005] vgaarb: loaded
[    0.473383] ACPI: bus type USB registered
[    0.476033] usbcore: registered new interface driver usbfs
[    0.478408] usbcore: registered new interface driver hub
[    0.480043] usbcore: registered new device driver usb
[    0.482245] EDAC MC: Ver: 3.0.0
[    0.484484] PCI: Using ACPI for IRQ routing
[    0.488270] NetLabel: Initializing
[    0.489909] NetLabel:  domain hash size = 128
[    0.491977] NetLabel:  protocols = UNLABELED CIPSOv4 CALIPSO
[    0.492039] NetLabel:  unlabeled traffic allowed by default
[    0.496135] clocksource: Switched to clocksource kvm-clock
[    0.550638] VFS: Disk quotas dquot_6.6.0
[    0.552529] VFS: Dquot-cache hash table entries: 512 (order 0, 4096 bytes)
[    0.555682] AppArmor: AppArmor Filesystem Enabled
[    0.557872] pnp: PnP ACPI init
[    0.561708] pnp: PnP ACPI: found 3 devices
[    0.577096] clocksource: acpi_pm: mask: 0xffffff max_cycles: 0xffffff, max_idle_ns: 2085701024 ns
[    0.580963] NET: Registered protocol family 2
[    0.583113] TCP established hash table entries: 8192 (order: 4, 65536 bytes)
[    0.594785] TCP bind hash table entries: 8192 (order: 5, 131072 bytes)
[    0.597565] TCP: Hash tables configured (established 8192 bind 8192)
[    0.600562] UDP hash table entries: 512 (order: 2, 16384 bytes)
[    0.603092] UDP-Lite hash table entries: 512 (order: 2, 16384 bytes)
[    0.605947] NET: Registered protocol family 1
[    0.607811] pci 0000:00:00.0: Limiting direct PCI/PCI transfers
[    0.610391] pci 0000:00:01.0: Activating ISA DMA hang workarounds
[    0.613072] pci 0000:00:02.0: Video device with shadowed ROM at [mem 0x000c0000-0x000dffff]
[    0.617092] Unpacking initramfs...
[    1.720329] Freeing initrd memory: 19676K
[    1.722391] clocksource: tsc: mask: 0xffffffffffffffff max_cycles: 0x2135f7c97c8, max_idle_ns: 440795273205 ns
[    1.726864] platform rtc_cmos: registered platform RTC device (no PNP device found)
[    1.730218] Scanning for low memory corruption every 60 seconds
[    1.734026] Initialise system trusted keyrings
[    1.735972] Key type blacklist registered
[    1.737926] workingset: timestamp_bits=36 max_order=18 bucket_order=0
[    1.743026] zbud: loaded
[    1.745363] squashfs: version 4.0 (2009/01/31) Phillip Lougher
[    1.748270] fuse init (API version 7.26)
[    1.754444] Key type asymmetric registered
[    1.756225] Asymmetric key parser 'x509' registered
[    1.758395] Block layer SCSI generic (bsg) driver version 0.4 loaded (major 246)
[    1.761894] io scheduler noop registered
[    1.763643] io scheduler deadline registered
[    1.765679] io scheduler cfq registered (default)
[    1.768330] ACPI: AC Adapter [AC] (on-line)
[    1.770318] input: Power Button as /devices/LNXSYSTM:00/LNXPWRBN:00/input/input0
[    1.773636] ACPI: Power Button [PWRF]
[    1.775397] input: Sleep Button as /devices/LNXSYSTM:00/LNXSLPBN:00/input/input1
[    1.779036] ACPI: Sleep Button [SLPF]
[    1.783415] ACPI: Battery Slot [BAT0] (battery present)
[    1.785846] Serial: 8250/16550 driver, 32 ports, IRQ sharing enabled
[    1.810197] 00:02: ttyS0 at I/O 0x3f8 (irq = 4, base_baud = 115200) is a 16550A
[    1.819639] Linux agpgart interface v0.103
[    1.853629] loop: module loaded
[    1.856268] scsi host0: ata_piix
[    1.858064] scsi host1: ata_piix
[    1.859576] ata1: PATA max UDMA/33 cmd 0x1f0 ctl 0x3f6 bmdma 0xd000 irq 14
[    1.862228] ata2: PATA max UDMA/33 cmd 0x170 ctl 0x376 bmdma 0xd008 irq 15
[    1.866081] libphy: Fixed MDIO Bus: probed
[    1.867846] tun: Universal TUN/TAP device driver, 1.6
[    1.870299] PPP generic driver version 2.4.2
[    1.872336] ehci_hcd: USB 2.0 'Enhanced' Host Controller (EHCI) Driver
[    1.875116] ehci-pci: EHCI PCI platform driver
[    1.877126] ehci-platform: EHCI generic platform driver
[    1.879465] ohci_hcd: USB 1.1 'Open' Host Controller (OHCI) Driver
[    1.882278] ohci-pci: OHCI PCI platform driver
[    1.884252] ohci-platform: OHCI generic platform driver
[    1.886521] uhci_hcd: USB Universal Host Controller Interface driver
[    1.889501] i8042: PNP: PS/2 Controller [PNP0303:PS2K,PNP0f03:PS2M] at 0x60,0x64 irq 1,12
[    1.893897] serio: i8042 KBD port at 0x60,0x64 irq 1
[    1.896053] serio: i8042 AUX port at 0x60,0x64 irq 12
[    1.898677] mousedev: PS/2 mouse device common for all mice
[    1.902416] input: AT Translated Set 2 keyboard as /devices/platform/i8042/serio0/input/input2
[    1.906368] rtc_cmos rtc_cmos: rtc core: registered rtc_cmos as rtc0
[    1.909139] rtc_cmos rtc_cmos: alarms up to one day, 114 bytes nvram
[    1.911814] i2c /dev entries driver
[    1.913582] device-mapper: uevent: version 1.0.3
[    1.915668] device-mapper: ioctl: 4.37.0-ioctl (2017-09-20) initialised: dm-devel@redhat.com
[    1.919492] ledtrig-cpu: registered to indicate activity on CPUs
[    1.923111] NET: Registered protocol family 10
[    1.932221] Segment Routing with IPv6
[    1.933899] NET: Registered protocol family 17
[    1.935954] Key type dns_resolver registered
[    1.938476] mce: Using 0 MCE banks
[    1.939876] RAS: Correctable Errors collector initialized.
[    1.948656] sched_clock: Marking stable (1948613319, 0)->(2370841663, -422228344)
[    1.961294] registered taskstats version 1
[    1.964442] Loading compiled-in X.509 certificates
[    1.972480] Loaded X.509 cert 'Build time autogenerated kernel key: 1859b0531897959199376c446a0bd70df75fd1fc'
[    1.977086] zswap: loaded using pool lzo/zbud
[    1.988907] Key type big_key registered
[    1.990738] Key type trusted registered
[    1.995724] Key type encrypted registered
[    1.997713] AppArmor: AppArmor sha1 policy hashing enabled
[    2.000119] ima: No TPM chip found, activating TPM-bypass! (rc=-19)
[    2.002948] ima: Allocated hash algorithm: sha1
[    2.005195] evm: HMAC attrs: 0x1
[    2.007191]   Magic number: 11:287:583
[    2.009189] rtc_cmos rtc_cmos: setting system clock to 2019-11-26 12:34:09 UTC (1574771649)
[    2.013016] BIOS EDD facility v0.16 2004-Jun-25, 0 devices found
[    2.015536] EDD information not available.
[    2.029445] Freeing unused kernel image memory: 2432K
[    2.044305] Write protecting the kernel read-only data: 20480k
[    2.047512] Freeing unused kernel image memory: 2008K
[    2.049839] Freeing unused kernel image memory: 1880K
[    2.072823] x86/mm: Checked W+X mappings: passed, no W+X pages found.
[    2.075576] x86/mm: Checking user space page tables
[    2.099627] x86/mm: Checked W+X mappings: passed, no W+X pages found.
Loading, please wait...
starting version 237
[    2.258461] Fusion MPT base driver 3.04.20
[    2.259875] Copyright (c) 1999-2008 LSI Corporation
[    2.276121] e1000: Intel(R) PRO/1000 Network Driver - version 7.3.21-k8-NAPI
[    2.282828] e1000: Copyright (c) 1999-2006 Intel Corporation.
[    2.306970] Fusion MPT SPI Host driver 3.04.20
[    2.318628] AVX2 version of gcm_enc/dec engaged.
[    2.321875] AES CTR mode by8 optimization enabled
[    2.478955] input: ImExPS/2 Generic Explorer Mouse as /devices/platform/i8042/serio1/input/input4
[    2.866862] e1000 0000:00:03.0 eth0: (PCI:33MHz:32-bit) 02:7c:06:17:a1:8b
[    2.869796] e1000 0000:00:03.0 eth0: Intel(R) PRO/1000 Network Connection
[    2.874995] mptbase: ioc0: Initiating bringup
[    2.879221] e1000 0000:00:03.0 enp0s3: renamed from eth0
[    2.980725] ioc0: LSI53C1030 A0: Capabilities={Initiator}
[    3.223164] scsi host2: ioc0: LSI53C1030 A0, FwRev=00000000h, Ports=1, MaxQ=256, IRQ=20
[    3.392611] scsi 2:0:0:0: Direct-Access     VBOX     HARDDISK         1.0  PQ: 0 ANSI: 5
[    3.424313] scsi target2:0:0: Beginning Domain Validation
[    3.429205] scsi target2:0:0: Domain Validation skipping write tests
[    3.431850] scsi target2:0:0: Ending Domain Validation
[    3.434047] scsi target2:0:0: asynchronous
[    3.436609] scsi 2:0:1:0: Direct-Access     VBOX     HARDDISK         1.0  PQ: 0 ANSI: 5
[    3.468311] scsi target2:0:1: Beginning Domain Validation
[    3.470774] random: fast init done
[    3.474541] scsi target2:0:1: Domain Validation skipping write tests
[    3.476949] scsi target2:0:1: Ending Domain Validation
[    3.479172] scsi target2:0:1: asynchronous
[    3.489397] random: systemd-udevd: uninitialized urandom read (16 bytes read)
[    3.493393] random: systemd-udevd: uninitialized urandom read (16 bytes read)
[    3.496423] random: systemd-udevd: uninitialized urandom read (16 bytes read)
[    3.502150] sd 2:0:0:0: Attached scsi generic sg0 type 0
[    3.506192] sd 2:0:0:0: [sda] 20971520 512-byte logical blocks: (10.7 GB/10.0 GiB)
[    3.513195] sd 2:0:1:0: Attached scsi generic sg1 type 0
[    3.513744] sd 2:0:0:0: [sda] Write Protect is off
[    3.523002] sd 2:0:1:0: [sdb] 20480 512-byte logical blocks: (10.5 MB/10.0 MiB)
[    3.523154] sd 2:0:0:0: [sda] Incomplete mode parameter data
[    3.528114] sd 2:0:0:0: [sda] Assuming drive cache: write through
[    3.528312] sd 2:0:1:0: [sdb] Write Protect is off
[    3.533054] sd 2:0:1:0: [sdb] Incomplete mode parameter data
[    3.533451]  sda: sda1
[    3.534958] sd 2:0:1:0: [sdb] Assuming drive cache: write through
[    3.537094] sd 2:0:0:0: [sda] Attached SCSI disk
[    3.554383] sd 2:0:1:0: [sdb] Attached SCSI disk
Begin: Loading essential drivers ... [    5.736490] raid6: sse2x1   gen()  4792 MB/s
[    5.784278] raid6: sse2x1   xor()  3218 MB/s
[    5.836040] raid6: sse2x2   gen()  5411 MB/s
[    5.888750] raid6: sse2x2   xor()  3751 MB/s
[    5.936544] raid6: sse2x4   gen()  6016 MB/s
[    5.984357] raid6: sse2x4   xor()  4171 MB/s
[    6.032166] raid6: avx2x1   gen()  9711 MB/s
[    6.080012] raid6: avx2x1   xor()  6479 MB/s
[    6.128819] raid6: avx2x2   gen() 11107 MB/s
[    6.176657] raid6: avx2x2   xor()  7391 MB/s
[    6.224482] raid6: avx2x4   gen() 12832 MB/s
[    6.272273] raid6: avx2x4   xor()  7756 MB/s
[    6.274158] raid6: using algorithm avx2x4 gen() 12832 MB/s
[    6.276688] raid6: .... xor() 7756 MB/s, rmw enabled
[    6.278812] raid6: using avx2x2 recovery algorithm
[    6.283256] xor: automatically using best checksumming function   avx       
[    6.289045] async_tx: api initialized (async)
done.
Begin: Running /scripts/init-premount ... done.
Begin: Mounting root file system ... Begin: Running /scripts/local-top ... done.
Begin: Running /scripts/local-premount ... [    6.386987] Btrfs loaded, crc32c=crc32c-intel
Scanning for Btrfs filesystems
done.
Warning: fsck not present, so skipping root file system
[    6.436432] EXT4-fs (sda1): INFO: recovery required on readonly filesystem
[    6.439134] EXT4-fs (sda1): write access will be enabled during recovery
[    6.592678] EXT4-fs (sda1): orphan cleanup on readonly fs
[    6.595094] EXT4-fs (sda1): 5 orphan inodes deleted
[    6.597369] EXT4-fs (sda1): recovery complete
[    6.601553] EXT4-fs (sda1): mounted filesystem with ordered data mode. Opts: (null)
done.
Begin: Running /scripts/local-bottom ... done.
Begin: Running /scripts/init-bottom ... done.
[    7.575139] ip_tables: (C) 2000-2006 Netfilter Core Team
[    7.643716] systemd[1]: systemd 237 running in system mode. (+PAM +AUDIT +SELINUX +IMA +APPARMOR +SMACK +SYSVINIT +UTMP +LIBCRYPTSETUP +GCRYPT +GNUTLS +ACL +XZ +LZ4 +SECCOMP +BLKID +ELFUTILS +KMOD -IDN2 +IDN -PCRE2 default-hierarchy=hybrid)
[    7.652858] systemd[1]: Detected virtualization oracle.
[    7.655063] systemd[1]: Detected architecture x86-64.

Welcome to [1mUbuntu 18.04.3 LTS[0m!

[    7.676629] systemd[1]: Set hostname to <ubuntu-bionic>.
[    8.178559] random: crng init done
[    8.180194] random: 7 urandom warning(s) missed due to ratelimiting
[    9.391327] systemd[1]: Reached target User and Group Name Lookups.
[[0;32m  OK  [0m] Reached target User and Group Name Lookups.
[    9.395841] systemd[1]: Reached target System Time Synchronized.
[[0;32m  OK  [0m] Reached target System Time Synchronized.
[    9.402385] systemd[1]: Created slice System Slice.
[[0;32m  OK  [0m] Created slice System Slice.
[    9.406048] systemd[1]: Listening on udev Control Socket.
[[0;32m  OK  [0m] Listening on udev Control Socket.
[    9.410085] systemd[1]: Listening on Journal Audit Socket.
[[0;32m  OK  [0m] Listening on Journal Audit Socket.
[    9.413931] systemd[1]: Listening on udev Kernel Socket.
[[0;32m  OK  [0m] Listening on udev Kernel Socket.
[[0;32m  OK  [0m] Listening on Journal Socket.
         Mounting Huge Pages File System...
         Starting udev Coldplug all Devices...
         Starting Uncomplicated firewall...
[[0;32m  OK  [0m] Created slice User and Session Slice.
[[0;32m  OK  [0m] Listening on /dev/initctl Compatibility Named Pipe.
[[0;32m  OK  [0m] Listening on LVM2 metadata daemon socket.
[[0;32m  OK  [0m] Listening on LVM2 poll daemon socket.
         Starting Set the console keyboard layout...
         Mounting POSIX Message Queue File System...
[[0;32m  OK  [0m] Set up automount Arbitrary Executab…rmats File System Automount Point.
         Mounting Kernel Debug File System...
[[0;32m  OK  [0m] Reached target Swap.
[[0;32m  OK  [0m] Listening on Syslog Socket.
[[0;32m  OK  [0m] Listening on Device-mapper event daemon FIFOs.
         Starting Monitoring of LVM2 mirrors…ng dmeventd or progress polling...
         Starting Remount Root and Kernel File Systems...
[[0;32m  OK  [0m] Created slice system-serial\x2dgetty.slice.
[[0;32m  OK  [0m] Reached target Slices.
[[0;32m  OK  [0m] Listening on Network Service Netlink Socket.
         Starting Load Kernel Modules...
[[0;32m  OK  [0m] Listening on Journal Socket (/dev/log).
         Starting Journal Service...
[[0;32m  OK  [0m] Started Forward Password Requests to Wall Directory Watch.
         Starting Create list of required st…ce nodes for the current kernel...
[    9.625985] EXT4-fs (sda1): re-mounted. Opts: (null)
[[0;32m  OK  [0m] Mounted Huge Pages File System.
[[0;32m  OK  [0m] Started Uncomplicated firewall.
[[0;32m  OK  [0m] Mounted POSIX Message Queue File System.
[[0;32m  OK  [0m] Mounted Kernel Debug File System.
[[0;32m  OK  [0m] Started Remount Root and Kernel File Systems.
[[0;32m  OK  [0m] Started Create list of required sta…vice nodes for the current kernel.
[[0;32m  OK  [0m] Started LVM2 metadata daemon.
         Starting Create Static Device Nodes in /dev...
         Starting Load/Save Random Seed...
[[0;32m  OK  [0m] Started Journal Service.
[[0;32m  OK  [0m] Started udev Coldplug all Devices.
[[0;32m  OK  [0m] Started Create Static Device Nodes in /dev.
[[0;32m  OK  [0m] Started Load/Save Random Seed.
         Starting udev Kernel Device Manager...
         Starting Flush Journal to Persistent Storage...
[[0;32m  OK  [0m] Started Monitoring of LVM2 mirrors,…sing dmeventd or progress polling.
[    9.976659] systemd-journald[406]: Received request to flush runtime journal from PID 1
[    9.998094] Loading iSCSI transport class v2.0-870.
[   10.025520] iscsi: registered transport (tcp)
[   10.315660] iscsi: registered transport (iser)
[[0;32m  OK  [0m] Started Load Kernel Modules.
         Mounting Kernel Configuration File System...
         Mounting FUSE Control File System...
         Starting Apply Kernel Variables...
[[0;32m  OK  [0m] Mounted Kernel Configuration File System.
[[0;32m  OK  [0m] Mounted FUSE Control File System.
[[0;32m  OK  [0m] Started udev Kernel Device Manager.
[[0;32m  OK  [0m] Started Apply Kernel Variables.
[[0;32m  OK  [0m] Found device /dev/ttyS0.
[[0;32m  OK  [0m] Listening on Load/Save RF Kill Switch Status /dev/rfkill Watch.
[[0;32m  OK  [0m] Started Flush Journal to Persistent Storage.
[[0;32m  OK  [0m] Started Set the console keyboard layout.
[[0;32m  OK  [0m] Started Dispatch Password Requests to Console Directory Watch.
[[0;32m  OK  [0m] Reached target Local Encrypted Volumes.
[[0;32m  OK  [0m] Reached target Local File Systems (Pre).
[[0;32m  OK  [0m] Reached target Local File Systems.
         Starting Tell Plymouth To Write Out Runtime Data...
         Starting Set console font and keymap...
         Starting AppArmor initialization...
         Starting ebtables ruleset management...
         Starting Create Volatile Files and Directories...
[[0;32m  OK  [0m] Started Tell Plymouth To Write Out Runtime Data.
[[0;32m  OK  [0m] Started Set console font and keymap.
[[0;32m  OK  [0m] Started Create Volatile Files and Directories.
         Starting Update UTMP about System Boot/Shutdown...
[[0;32m  OK  [0m] Started Update UTMP about System Boot/Shutdown.
[[0;32m  OK  [0m] Started ebtables ruleset management.
[[0;32m  OK  [0m] Started AppArmor initialization.
         Starting Initial cloud-init job (pre-networking)...
[   20.246198] cloud-init[712]: Cloud-init v. 19.2-36-g059d049c-0ubuntu2~18.04.1 running 'init-local' at Tue, 26 Nov 2019 12:34:27 +0000. Up 19.51 seconds.
[[0;32m  OK  [0m] Started Initial cloud-init job (pre-networking).
[[0;32m  OK  [0m] Reached target Network (Pre).
         Starting Network Service...
[[0;32m  OK  [0m] Started Network Service.
         Starting Network Name Resolution...
         Starting Wait for Network to be Configured...
[[0;32m  OK  [0m] Started Network Name Resolution.
[[0;32m  OK  [0m] Reached target Network.
[[0;32m  OK  [0m] Reached target Host and Network Name Lookups.
[[0;32m  OK  [0m] Started Wait for Network to be Configured.
         Starting Initial cloud-init job (metadata service crawler)...
[   23.707065] cloud-init[828]: Cloud-init v. 19.2-36-g059d049c-0ubuntu2~18.04.1 running 'init' at Tue, 26 Nov 2019 12:34:30 +0000. Up 23.30 seconds.
[   23.714728] cloud-init[828]: ci-info: +++++++++++++++++++++++++++++++++++++Net device info++++++++++++++++++++++++++++++++++++++
[   23.718712] cloud-init[828]: ci-info: +--------+------+---------------------------+---------------+--------+-------------------+
[   23.722435] cloud-init[828]: ci-info: | Device |  Up  |          Address          |      Mask     | Scope  |     Hw-Address    |
[   23.726094] cloud-init[828]: ci-info: +--------+------+---------------------------+---------------+--------+-------------------+
[   23.729742] cloud-init[828]: ci-info: | enp0s3 | True |         10.0.2.15         | 255.255.255.0 | global | 02:7c:06:17:a1:8b |
[   23.733370] cloud-init[828]: ci-info: | enp0s3 | True | fe80::7c:6ff:fe17:a18b/64 |       .       |  link  | 02:7c:06:17:a1:8b |
[   23.737196] cloud-init[828]: ci-info: |   lo   | True |         127.0.0.1         |   255.0.0.0   |  host  |         .         |
[   23.740827] cloud-init[828]: ci-info: |   lo   | True |          ::1/128          |       .       |  host  |         .         |
[   23.744528] cloud-init[828]: ci-info: +--------+------+---------------------------+---------------+--------+-------------------+
[   23.749632] cloud-init[828]: ci-info: ++++++++++++++++++++++++++++Route IPv4 info+++++++++++++++++++++++++++++
[   23.752994] cloud-init[828]: ci-info: +-------+-------------+----------+-----------------+-----------+-------+
[   23.756909] cloud-init[828]: ci-info: | Route | Destination | Gateway  |     Genmask     | Interface | Flags |
[   23.759965] cloud-init[828]: ci-info: +-------+-------------+----------+-----------------+-----------+-------+
[   23.762973] cloud-init[828]: ci-info: |   0   |   0.0.0.0   | 10.0.2.2 |     0.0.0.0     |   enp0s3  |   UG  |
[   23.766405] cloud-init[828]: ci-info: |   1   |   10.0.2.0  | 0.0.0.0  |  255.255.255.0  |   enp0s3  |   U   |
[   23.770029] cloud-init[828]: ci-info: |   2   |   10.0.2.2  | 0.0.0.0  | 255.255.255.255 |   enp0s3  |   UH  |
[   23.775704] cloud-init[828]: ci-info: +-------+-------------+----------+-----------------+-----------+-------+
[   23.779377] cloud-init[828]: ci-info: +++++++++++++++++++Route IPv6 info+++++++++++++++++++
[   23.781995] cloud-init[828]: ci-info: +-------+-------------+---------+-----------+-------+
[   23.784603] cloud-init[828]: ci-info: | Route | Destination | Gateway | Interface | Flags |
[   23.787093] cloud-init[828]: ci-info: +-------+-------------+---------+-----------+-------+
[   23.789704] cloud-init[828]: ci-info: |   1   |  fe80::/64  |    ::   |   enp0s3  |   U   |
[   23.792355] cloud-init[828]: ci-info: |   3   |    local    |    ::   |   enp0s3  |   U   |
[   23.795143] cloud-init[828]: ci-info: |   4   |   ff00::/8  |    ::   |   enp0s3  |   U   |
[   23.797846] cloud-init[828]: ci-info: +-------+-------------+---------+-----------+-------+
[[0;32m  OK  [0m] Started Initial cloud-init job (metadata service crawler).
[[0;32m  OK  [0m] Reached target Network is Online.
         Starting Availability of block devices...
[[0;32m  OK  [0m] Reached target Remote File Systems (Pre).
[[0;32m  OK  [0m] Reached target Remote File Systems.
[[0;32m  OK  [0m] Reached target System Initialization.
[[0;32m  OK  [0m] Started Discard unused blocks once a week.
[[0;32m  OK  [0m] Listening on ACPID Listen Socket.
[[0;32m  OK  [0m] Listening on UUID daemon activation socket.
[[0;32m  OK  [0m] Listening on D-Bus System Message Bus Socket.
[[0;32m  OK  [0m] Started Daily Cleanup of Temporary Directories.
         Starting Socket activation for snappy daemon.
[[0;32m  OK  [0m] Started Message of the Day.
[[0;32m  OK  [0m] Started Daily apt download activities.
[[0;32m  OK  [0m] Started Daily apt upgrade and clean activities.
[[0;32m  OK  [0m] Listening on Open-iSCSI iscsid Socket.
         Starting LXD - unix socket.
[[0;32m  OK  [0m] Started Clean PHP session files every 30 mins.
[[0;32m  OK  [0m] Reached target Timers.
[[0;32m  OK  [0m] Started ACPI Events Check.
[[0;32m  OK  [0m] Reached target Paths.
[[0;32m  OK  [0m] Reached target Cloud-config availability.
[[0;32m  OK  [0m] Started Availability of block devices.
[[0;32m  OK  [0m] Listening on Socket activation for snappy daemon.
[[0;32m  OK  [0m] Listening on LXD - unix socket.
[[0;32m  OK  [0m] Reached target Sockets.
[[0;32m  OK  [0m] Reached target Basic System.
         Starting The Apache HTTP Server...
[[0;32m  OK  [0m] Started FUSE filesystem for LXC.
[[0;32m  OK  [0m] Started irqbalance daemon.
         Starting Accounts Service...
         Starting Permit User Sessions...
         Starting LSB: automatic crash report generation...
[[0;32m  OK  [0m] Started Deferred execution scheduler.
         Starting Dispatcher daemon for systemd-networkd...
         Starting OpenBSD Secure Shell server...
         Starting LXD - container startup/shutdown...
[[0;32m  OK  [0m] Started D-Bus System Message Bus.
         Starting Snappy daemon...
         Starting Login Service...
         Starting MariaDB 10.3.20 database server...
         Starting LSB: Record successful boot for GRUB...
         Starting System Logging Service...
         Starting Virtualbox guest utils...
         Starting Clean php session files...
[[0;32m  OK  [0m] Started Regular background program processing daemon.
[[0;32m  OK  [0m] Started Permit User Sessions.
[[0;32m  OK  [0m] Started OpenBSD Secure Shell server.
[[0;32m  OK  [0m] Started Login Service.
[[0;32m  OK  [0m] Started Unattended Upgrades Shutdown.
         Starting Authorization Manager...
         Starting Terminate Plymouth Boot Screen...
         Starting Hold until boot process finishes up...
[[0;32m  OK  [0m] Started Hold until boot process finishes up.
[[0;32m  OK  [0m] Started Serial Getty on ttyS0.
         Starting Set console scheme...
[[0;32m  OK  [0m] Started LSB: automatic crash report generation.
[[0;32m  OK  [0m] Started Terminate Plymouth Boot Screen.
[[0;32m  OK  [0m] Started System Logging Service.
[[0;32m  OK  [0m] Started Set console scheme.
[[0;32m  OK  [0m] Created slice system-getty.slice.
[[0;32m  OK  [0m] Started Getty on tty1.
[[0;32m  OK  [0m] Reached target Login Prompts.
[[0;32m  OK  [0m] Started LSB: Record successful boot for GRUB.
[[0;32m  OK  [0m] Started Authorization Manager.
[[0;32m  OK  [0m] Started Accounts Service.
[[0;32m  OK  [0m] Created slice User Slice of vagrant.
[[0;32m  OK  [0m] Started Virtualbox guest utils.
[[0;32m  OK  [0m] Started Session 1 of user vagrant.
         Starting User Manager for UID 1000...
[[0;32m  OK  [0m] Started Dispatcher daemon for systemd-networkd.
[[0;32m  OK  [0m] Started User Manager for UID 1000.
[[0;32m  OK  [0m] Started LXD - container startup/shutdown.
[[0;32m  OK  [0m] Started The Apache HTTP Server.
[[0;32m  OK  [0m] Started Snappy daemon.
         Starting Wait until snapd is fully seeded...
[[0;32m  OK  [0m] Started Wait until snapd is fully seeded.
         Starting Apply the settings specified in cloud-config...
[   31.976982] cloud-init[1534]: Cloud-init v. 19.2-36-g059d049c-0ubuntu2~18.04.1 running 'modules:config' at Tue, 26 Nov 2019 12:34:39 +0000. Up 31.64 seconds.

Ubuntu 18.04.3 LTS ubuntu-bionic ttyS0

ubuntu-bionic login: [   35.778850] cloud-init[1674]: Cloud-init v. 19.2-36-g059d049c-0ubuntu2~18.04.1 running 'modules:final' at Tue, 26 Nov 2019 12:34:42 +0000. Up 35.28 seconds.
[   35.779104] cloud-init[1674]: Cloud-init v. 19.2-36-g059d049c-0ubuntu2~18.04.1 finished at Tue, 26 Nov 2019 12:34:43 +0000. Datasource DataSourceNoCloud [seed=/dev/sdb][dsmode=net].  Up 35.72 seconds
[[0;32m  OK  [0m] Closed Load/Save RF Kill Switch Status /dev/rfkill Watch.
         Stopping Session 16 of user vagrant.
[[0;32m  OK  [0m] Stopped target Cloud-init target.
[[0;32m  OK  [0m] Stopped target Graphical Interface.
         Stopping User Manager for UID 1000...
[[0;32m  OK  [0m] Stopped target Timers.
[[0;32m  OK  [0m] Stopped Clean PHP session files every 30 mins.
[[0;32m  OK  [0m] Stopped Message of the Day.
         Stopping Accounts Service...
         Stopping Availability of block devices...
[[0;32m  OK  [0m] Stopped Daily apt upgrade and clean activities.
[[0;32m  OK  [0m] Stopped Daily apt download activities.
[[0;32m  OK  [0m] Stopped Discard unused blocks once a week.
[[0;32m  OK  [0m] Stopped target System Time Synchronized.
         Stopping Authorization Manager...
[[0;32m  OK  [0m] Stopped Daily Cleanup of Temporary Directories.
[[0;32m  OK  [0m] Stopped Execute cloud user/final scripts.
[[0;32m  OK  [0m] Stopped Apply the settings specified in cloud-config.
[[0;32m  OK  [0m] Stopped target Cloud-config availability.
[[0;32m  OK  [0m] Stopped target Multi-User System.
         Stopping irqbalance daemon...
         Stopping System Logging Service...
         Stopping LXD - container startup/shutdown...
         Stopping OpenBSD Secure Shell server...
         Stopping The Apache HTTP Server...
         Stopping Virtualbox guest utils...
         Stopping LSB: automatic crash report generation...
         Stopping D-Bus System Message Bus...
         Stopping MariaDB 10.3.20 database server...
[[0;32m  OK  [0m] Stopped target Login Prompts.
         Stopping Getty on tty1...
         Stopping Dispatcher daemon for systemd-networkd...
         Stopping Deferred execution scheduler...
         Stopping LSB: Record successful boot for GRUB...
         Stopping Unattended Upgrades Shutdown         Stopping Serial Getty on ttyS0...
         Stopping Regular background program processing daemon...
[[0;32m  OK  [0m] Stopped target Network is Online.
[[0;32m  OK  [0m] Unmounted /var/lib/lxcfs.
[[0;32m  OK  [0m] Stopped irqbalance daemon.
[[0;32m  OK  [0m] Stopped Accounts Service.
[[0;32m  OK  [0m] Stopped Deferred execution scheduler.
[[0;32m  OK  [0m] Stopped Dispatcher daemon for systemd-networkd.
[[0;32m  OK  [0m] Stopped System Logging Service.
[[0;32m  OK  [0m] Stopped Regular background program processing daemon.
[[0;32m  OK  [0m] Stopped OpenBSD Secure Shell server.
[[0;32m  OK  [0m] Stopped Authorization Manager.
[[0;32m  OK  [0m] Stopped Serial Getty on ttyS0.
[[0;32m  OK  [0m] Stopped Getty on tty1.
[[0;32m  OK  [0m] Stopped User Manager for UID 1000.
[[0;32m  OK  [0m] Stopped D-Bus System Message Bus.
[[0;32m  OK  [0m] Stopped FUSE filesystem for LXC.
[[0;32m  OK  [0m] Stopped Session 16 of user vagrant.
[[0;32m  OK  [0m] Stopped Unattended Upgrades Shutdown.
[[0;32m  OK  [0m] Stopped Availability of block devices.
[[0;32m  OK  [0m] Removed slice User Slice of vagrant.
         Stopping Login Service...
[[0;32m  OK  [0m] Removed slice system-getty.slice.
         Stopping Permit User Sessions...
[[0;32m  OK  [0m] Removed slice system-serial\x2dgetty.slice.
[[0;32m  OK  [0m] Stopped Permit User Sessions.
[[0;32m  OK  [0m] Stopped LXD - container startup/shutdown.
[[0;32m  OK  [0m] Stopped LSB: Record successful boot for GRUB.
[[0;32m  OK  [0m] Stopped LSB: automatic crash report generation.
[[0;32m  OK  [0m] Stopped Login Service.
[[0;32m  OK  [0m] Stopped target User and Group Name Lookups.
[[0;32m  OK  [0m] Stopped Virtualbox guest utils.
[[0;32m  OK  [0m] Stopped The Apache HTTP Server.
[[0;32m  OK  [0m] Stopped MariaDB 10.3.20 database server.
[[0;32m  OK  [0m] Stopped target Remote File Systems.
[[0;32m  OK  [0m] Stopped target Remote File Systems (Pre).
[[0;32m  OK  [0m] Stopped target Basic System.
[[0;32m  OK  [0m] Stopped target Slices.
[[0;32m  OK  [0m] Removed slice User and Session Slice.
[[0;32m  OK  [0m] Stopped target Paths.
[[0;32m  OK  [0m] Stopped ACPI Events Check.
[[0;32m  OK  [0m] Stopped target Sockets.
[[0;32m  OK  [0m] Closed D-Bus System Message Bus Socket.
[[0;32m  OK  [0m] Closed UUID daemon activation socket.
[[0;32m  OK  [0m] Closed ACPID Listen Socket.
[[0;32m  OK  [0m] Closed LXD - unix socket.
[[0;32m  OK  [0m] Closed Socket activation for snappy daemon.
[[0;32m  OK  [0m] Closed Open-iSCSI iscsid Socket.
[[0;32m  OK  [0m] Closed Syslog Socket.
[[0;32m  OK  [0m] Stopped target Network.
[[0;32m  OK  [0m] Stopped target System Initialization.
[[0;32m  OK  [0m] Stopped target Local Encrypted Volumes.
[[0;32m  OK  [0m] Stopped Dispatch Password Requests to Console Directory Watch.
[[0;32m  OK  [0m] Stopped Forward Password Requests to Wall Directory Watch.
[[0;32m  OK  [0m] Stopped Initial cloud-init job (metadata service crawler).
[[0;32m  OK  [0m] Stopped Wait for Network to be Configured.
         Stopping Load/Save Random Seed...
         Stopping Update UTMP about System Boot/Shutdown...
[[0;32m  OK  [0m] Stopped target Host and Network Name Lookups.
         Stopping Network Name Resolution...
[[0;32m  OK  [0m] Stopped Load/Save Random Seed.
[[0;32m  OK  [0m] Stopped Update UTMP about System Boot/Shutdown.
[[0;32m  OK  [0m] Stopped Network Name Resolution.
[[0;32m  OK  [0m] Stopped Create Volatile Files and Directories.
[[0;32m  OK  [0m] Stopped target Local File Systems.
         Unmounting /vagrant...
         Unmounting /run/user/1000...
         Unmounting /var/www/html...
         Stopping Network Service...
[[0;32m  OK  [0m] Unmounted /vagrant.
[[0;32m  OK  [0m] Unmounted /run/user/1000.
[[0;32m  OK  [0m] Stopped Network Service.
[[0;32m  OK  [0m] Unmounted /var/www/html.
[[0;32m  OK  [0m] Stopped Apply Kernel Variables.
[[0;32m  OK  [0m] Stopped Load Kernel Modules.
[[0;32m  OK  [0m] Stopped target Network (Pre).
[[0;32m  OK  [0m] Stopped Initial cloud-init job (pre-networking).
[[0;32m  OK  [0m] Reached target Unmount All Filesystems.
[[0;32m  OK  [0m] Stopped target Swap.
[[0;32m  OK  [0m] Stopped target Local File Systems (Pre).
[[0;32m  OK  [0m] Stopped Create Static Device Nodes in /dev.
         Stopping Monitoring of LVM2 mirrors…ng dmeventd or progress polling...
[[0;32m  OK  [0m] Stopped Remount Root and Kernel File Systems.
[[0;32m  OK  [0m] Reached target Shutdown.
[[0;32m  OK  [0m] Reached target Final Step.
         Starting Power-Off...
[12574.712328] reboot: Power down
